<?xml version="1.0" encoding="UTF-8"?>
<!-- Generated by org.testng.reporters.JUnitXMLReporter -->
<testsuite ignored="0" hostname="LAPTOP-23QE07RQ" failures="1" tests="2" name="Surefire test" time="11.389" errors="0" timestamp="2024-12-16T19:17:09 IST">
  <testcase classname="io.cucumber.testng.AbstractTestNGCucumberTests" name="runScenario" time="9.708"/>
  <testcase classname="io.cucumber.testng.AbstractTestNGCucumberTests" name="runScenario" time="9.859">
    <failure type="java.lang.AssertionError" message="expected [No data] but found [Beetroot]">
      <![CDATA[java.lang.AssertionError: expected [No data] but found [Beetroot]
at stepDefinition.OffersPageStepDefinition.validate_product_name_in_Offers_Page_matches_with_landing_page(OffersPageStepDefinition.java:68)
at ✽.validate product name in Offers Page matches with landing page(file:///C:/Users/Yashika%20goyal/selenium/project/src/test/java/features/searchProduct.feature:9)
... Removed 6 stack frames]]>
    </failure>
  </testcase> <!-- runScenario -->
</testsuite> <!-- Surefire test -->
